{"C:\\Users\\YCKJ2261\\Desktop\\code\\sagacious-utils\\src\\TimePeriodUtils.ts": {"path":"C:\\Users\\YCKJ2261\\Desktop\\code\\sagacious-utils\\src\\TimePeriodUtils.ts","statementMap":{"0":{"start":{"line":1,"column":0},"end":{"line":1,"column":27}},"1":{"start":{"line":2,"column":0},"end":{"line":2,"column":22}},"2":{"start":{"line":9,"column":4},"end":{"line":9,"column":null}},"3":{"start":{"line":9,"column":40},"end":{"line":9,"column":75}},"4":{"start":{"line":22,"column":8},"end":{"line":22,"column":12}},"5":{"start":{"line":23,"column":23},"end":{"line":23,"column":37}},"6":{"start":{"line":24,"column":21},"end":{"line":24,"column":51}},"7":{"start":{"line":25,"column":4},"end":{"line":28,"column":null}},"8":{"start":{"line":26,"column":15},"end":{"line":26,"column":31}},"9":{"start":{"line":27,"column":6},"end":{"line":27,"column":null}},"10":{"start":{"line":29,"column":4},"end":{"line":29,"column":null}},"11":{"start":{"line":29,"column":52},"end":{"line":29,"column":null}},"12":{"start":{"line":30,"column":4},"end":{"line":41,"column":null}},"13":{"start":{"line":31,"column":17},"end":{"line":31,"column":33}},"14":{"start":{"line":32,"column":6},"end":{"line":32,"column":null}},"15":{"start":{"line":32,"column":81},"end":{"line":32,"column":null}},"16":{"start":{"line":33,"column":6},"end":{"line":33,"column":null}},"17":{"start":{"line":33,"column":28},"end":{"line":33,"column":null}},"18":{"start":{"line":34,"column":6},"end":{"line":39,"column":null}},"19":{"start":{"line":34,"column":19},"end":{"line":34,"column":20}},"20":{"start":{"line":35,"column":8},"end":{"line":38,"column":null}},"21":{"start":{"line":36,"column":10},"end":{"line":36,"column":null}},"22":{"start":{"line":37,"column":10},"end":{"line":37,"column":15}},"23":{"start":{"line":40,"column":6},"end":{"line":40,"column":null}},"24":{"start":{"line":42,"column":4},"end":{"line":42,"column":null}},"25":{"start":{"line":52,"column":4},"end":{"line":52,"column":null}},"26":{"start":{"line":65,"column":4},"end":{"line":65,"column":null}},"27":{"start":{"line":96,"column":21},"end":{"line":96,"column":119}},"28":{"start":{"line":96,"column":37},"end":{"line":96,"column":119}},"29":{"start":{"line":97,"column":4},"end":{"line":97,"column":null}},"30":{"start":{"line":98,"column":4},"end":{"line":98,"column":null}},"31":{"start":{"line":98,"column":19},"end":{"line":98,"column":null}},"32":{"start":{"line":99,"column":20},"end":{"line":99,"column":70}},"33":{"start":{"line":100,"column":4},"end":{"line":101,"column":null}},"34":{"start":{"line":100,"column":19},"end":{"line":100,"column":null}},"35":{"start":{"line":101,"column":9},"end":{"line":101,"column":null}},"36":{"start":{"line":102,"column":4},"end":{"line":102,"column":null}},"37":{"start":{"line":102,"column":49},"end":{"line":102,"column":null}},"38":{"start":{"line":103,"column":24},"end":{"line":106,"column":6}},"39":{"start":{"line":107,"column":4},"end":{"line":112,"column":null}},"40":{"start":{"line":108,"column":6},"end":{"line":111,"column":null}},"41":{"start":{"line":113,"column":4},"end":{"line":113,"column":null}},"42":{"start":{"line":4,"column":0},"end":{"line":4,"column":21}},"43":{"start":{"line":55,"column":9},"end":{"line":55,"column":null}}},"fnMap":{"0":{"name":"(anonymous_1)","decl":{"start":{"line":8,"column":2},"end":{"line":8,"column":15}},"loc":{"start":{"line":8,"column":34},"end":{"line":10,"column":3}}},"1":{"name":"(anonymous_2)","decl":{"start":{"line":9,"column":30},"end":{"line":9,"column":31}},"loc":{"start":{"line":9,"column":40},"end":{"line":9,"column":75}}},"2":{"name":"(anonymous_3)","decl":{"start":{"line":19,"column":2},"end":{"line":19,"column":11}},"loc":{"start":{"line":19,"column":32},"end":{"line":43,"column":3}}},"3":{"name":"(anonymous_4)","decl":{"start":{"line":25,"column":27},"end":{"line":25,"column":28}},"loc":{"start":{"line":25,"column":31},"end":{"line":28,"column":5}}},"4":{"name":"(anonymous_5)","decl":{"start":{"line":30,"column":45},"end":{"line":30,"column":46}},"loc":{"start":{"line":30,"column":56},"end":{"line":41,"column":5}}},"5":{"name":"(anonymous_6)","decl":{"start":{"line":51,"column":2},"end":{"line":51,"column":5}},"loc":{"start":{"line":51,"column":5},"end":{"line":53,"column":3}}},"6":{"name":"(anonymous_7)","decl":{"start":{"line":64,"column":2},"end":{"line":64,"column":8}},"loc":{"start":{"line":64,"column":18},"end":{"line":66,"column":3}}},"7":{"name":"(anonymous_8)","decl":{"start":{"line":85,"column":2},"end":{"line":85,"column":8}},"loc":{"start":{"line":94,"column":23},"end":{"line":114,"column":3}}},"8":{"name":"(anonymous_9)","decl":{"start":{"line":96,"column":21},"end":{"line":96,"column":22}},"loc":{"start":{"line":96,"column":37},"end":{"line":96,"column":119}}}},"branchMap":{"0":{"loc":{"start":{"line":8,"column":32},"end":{"line":8,"column":34}},"type":"default-arg","locations":[{"start":{"line":8,"column":32},"end":{"line":8,"column":34}}]},"1":{"loc":{"start":{"line":19,"column":30},"end":{"line":19,"column":32}},"type":"default-arg","locations":[{"start":{"line":19,"column":30},"end":{"line":19,"column":32}}]},"2":{"loc":{"start":{"line":27,"column":13},"end":{"line":27,"column":39}},"type":"binary-expr","locations":[{"start":{"line":27,"column":13},"end":{"line":27,"column":39}},{"start":{"line":27,"column":43},"end":{"line":27,"column":67}}]},"3":{"loc":{"start":{"line":29,"column":4},"end":{"line":29,"column":null}},"type":"if","locations":[{"start":{"line":29,"column":4},"end":{"line":29,"column":null}},{"start":{"line":29,"column":4},"end":{"line":29,"column":null}}]},"4":{"loc":{"start":{"line":29,"column":8},"end":{"line":29,"column":27}},"type":"binary-expr","locations":[{"start":{"line":29,"column":8},"end":{"line":29,"column":27}},{"start":{"line":29,"column":31},"end":{"line":29,"column":50}}]},"5":{"loc":{"start":{"line":32,"column":6},"end":{"line":32,"column":null}},"type":"if","locations":[{"start":{"line":32,"column":6},"end":{"line":32,"column":null}},{"start":{"line":32,"column":6},"end":{"line":32,"column":null}}]},"6":{"loc":{"start":{"line":32,"column":10},"end":{"line":32,"column":36}},"type":"binary-expr","locations":[{"start":{"line":32,"column":10},"end":{"line":32,"column":36}},{"start":{"line":32,"column":40},"end":{"line":32,"column":79}}]},"7":{"loc":{"start":{"line":33,"column":6},"end":{"line":33,"column":null}},"type":"if","locations":[{"start":{"line":33,"column":6},"end":{"line":33,"column":null}},{"start":{"line":33,"column":6},"end":{"line":33,"column":null}}]},"8":{"loc":{"start":{"line":35,"column":8},"end":{"line":38,"column":null}},"type":"if","locations":[{"start":{"line":35,"column":8},"end":{"line":38,"column":null}},{"start":{"line":35,"column":8},"end":{"line":38,"column":null}}]},"9":{"loc":{"start":{"line":94,"column":21},"end":{"line":94,"column":23}},"type":"default-arg","locations":[{"start":{"line":94,"column":21},"end":{"line":94,"column":23}}]},"10":{"loc":{"start":{"line":86,"column":14},"end":{"line":86,"column":24}},"type":"default-arg","locations":[{"start":{"line":86,"column":14},"end":{"line":86,"column":24}}]},"11":{"loc":{"start":{"line":88,"column":14},"end":{"line":88,"column":15}},"type":"default-arg","locations":[{"start":{"line":88,"column":14},"end":{"line":88,"column":15}}]},"12":{"loc":{"start":{"line":89,"column":18},"end":{"line":89,"column":21}},"type":"default-arg","locations":[{"start":{"line":89,"column":18},"end":{"line":89,"column":21}}]},"13":{"loc":{"start":{"line":90,"column":23},"end":{"line":90,"column":31}},"type":"default-arg","locations":[{"start":{"line":90,"column":23},"end":{"line":90,"column":31}}]},"14":{"loc":{"start":{"line":91,"column":15},"end":{"line":91,"column":16}},"type":"default-arg","locations":[{"start":{"line":91,"column":15},"end":{"line":91,"column":16}}]},"15":{"loc":{"start":{"line":92,"column":19},"end":{"line":92,"column":22}},"type":"default-arg","locations":[{"start":{"line":92,"column":19},"end":{"line":92,"column":22}}]},"16":{"loc":{"start":{"line":93,"column":16},"end":{"line":93,"column":20}},"type":"default-arg","locations":[{"start":{"line":93,"column":16},"end":{"line":93,"column":20}}]},"17":{"loc":{"start":{"line":98,"column":4},"end":{"line":98,"column":null}},"type":"if","locations":[{"start":{"line":98,"column":4},"end":{"line":98,"column":null}},{"start":{"line":98,"column":4},"end":{"line":98,"column":null}}]},"18":{"loc":{"start":{"line":99,"column":52},"end":{"line":99,"column":62}},"type":"cond-expr","locations":[{"start":{"line":99,"column":52},"end":{"line":99,"column":62}},{"start":{"line":99,"column":65},"end":{"line":99,"column":70}}]},"19":{"loc":{"start":{"line":100,"column":4},"end":{"line":101,"column":null}},"type":"if","locations":[{"start":{"line":100,"column":4},"end":{"line":101,"column":null}},{"start":{"line":100,"column":4},"end":{"line":101,"column":null}}]},"20":{"loc":{"start":{"line":102,"column":4},"end":{"line":102,"column":null}},"type":"if","locations":[{"start":{"line":102,"column":4},"end":{"line":102,"column":null}},{"start":{"line":102,"column":4},"end":{"line":102,"column":null}}]}},"s":{"0":1,"1":1,"2":1,"3":311,"4":1,"5":1,"6":1,"7":1,"8":3,"9":3,"10":1,"11":0,"12":1,"13":2,"14":2,"15":0,"16":2,"17":0,"18":2,"19":2,"20":100,"21":2,"22":2,"23":2,"24":1,"25":1,"26":0,"27":1,"28":1,"29":1,"30":1,"31":0,"32":1,"33":1,"34":0,"35":1,"36":1,"37":0,"38":1,"39":1,"40":60,"41":1,"42":1,"43":1},"f":{"0":1,"1":311,"2":1,"3":3,"4":2,"5":1,"6":0,"7":1,"8":1},"b":{"0":[0],"1":[0],"2":[3,3],"3":[0,1],"4":[1,1],"5":[0,2],"6":[2,2],"7":[0,2],"8":[2,98],"9":[1],"10":[1],"11":[1],"12":[1],"13":[1],"14":[1],"15":[1],"16":[1],"17":[0,1],"18":[1,0],"19":[0,1],"20":[0,1]}}
}
