{"C:\\Users\\YCKJ2261\\Desktop\\code\\sagacious-utils\\src\\DateUtils.ts": {"path":"C:\\Users\\YCKJ2261\\Desktop\\code\\sagacious-utils\\src\\DateUtils.ts","statementMap":{"0":{"start":{"line":2,"column":2},"end":{"line":2,"column":null}},"1":{"start":{"line":1,"column":0},"end":{"line":1,"column":null}}},"fnMap":{"0":{"name":"default_1","decl":{"start":{"line":1,"column":0},"end":{"line":1,"column":null}},"loc":{"start":{"line":1,"column":0},"end":{"line":3,"column":1}}}},"branchMap":{},"s":{"0":1,"1":1},"f":{"0":1},"b":{}}
}
