TN:
SF:C:\Users\YCKJ2261\Desktop\code\sagacious-utils\src\TimePeriodUtils.ts
FN:8,(anonymous_1)
FN:9,(anonymous_2)
FN:19,(anonymous_3)
FN:25,(anonymous_4)
FN:30,(anonymous_5)
FN:51,(anonymous_6)
FN:64,(anonymous_7)
FN:85,(anonymous_8)
FN:96,(anonymous_9)
FNF:9
FNH:8
FNDA:1,(anonymous_1)
FNDA:311,(anonymous_2)
FNDA:1,(anonymous_3)
FNDA:3,(anonymous_4)
FNDA:2,(anonymous_5)
FNDA:1,(anonymous_6)
FNDA:0,(anonymous_7)
FNDA:1,(anonymous_8)
FNDA:1,(anonymous_9)
DA:1,1
DA:2,1
DA:4,1
DA:9,311
DA:22,1
DA:23,1
DA:24,1
DA:25,1
DA:26,3
DA:27,3
DA:29,1
DA:30,1
DA:31,2
DA:32,2
DA:33,2
DA:34,2
DA:35,100
DA:36,2
DA:37,2
DA:40,2
DA:42,1
DA:52,1
DA:55,1
DA:65,0
DA:96,1
DA:97,1
DA:98,1
DA:99,1
DA:100,1
DA:101,1
DA:102,1
DA:103,1
DA:107,1
DA:108,60
DA:113,1
LF:35
LH:34
BRDA:8,0,0,0
BRDA:19,1,0,0
BRDA:27,2,0,3
BRDA:27,2,1,3
BRDA:29,3,0,0
BRDA:29,3,1,1
BRDA:29,4,0,1
BRDA:29,4,1,1
BRDA:32,5,0,0
BRDA:32,5,1,2
BRDA:32,6,0,2
BRDA:32,6,1,2
BRDA:33,7,0,0
BRDA:33,7,1,2
BRDA:35,8,0,2
BRDA:35,8,1,98
BRDA:94,9,0,1
BRDA:86,10,0,1
BRDA:88,11,0,1
BRDA:89,12,0,1
BRDA:90,13,0,1
BRDA:91,14,0,1
BRDA:92,15,0,1
BRDA:93,16,0,1
BRDA:98,17,0,0
BRDA:98,17,1,1
BRDA:99,18,0,1
BRDA:99,18,1,0
BRDA:100,19,0,0
BRDA:100,19,1,1
BRDA:102,20,0,0
BRDA:102,20,1,1
BRF:32
BRH:23
end_of_record
